<?xml version="1.0" encoding="UTF-8"?>
<!-- Generated by org.testng.reporters.JUnitReportReporter -->
<testsuite hostname="Abhishek" failures="0" tests="12" name="com.test.app.Search" time="476.377" errors="0" timestamp="06 Jul 2024 10:34:33 GMT" skipped="0">
  <testcase classname="com.test.app.Search" name="AQ_TC001_Verify_Ask_a_Question_page_GUI_elements" time="34.797"/>
  <testcase classname="com.test.app.Search" name="AQ_TC002_Create_new_case" time="48.551"/>
  <testcase classname="com.test.app.Search" name="AQ_TC003_Verify_error_message_when_First_name_field_is_empty" time="36.432"/>
  <testcase classname="com.test.app.Search" name="AQ_TC004_Verify_error_message_when_Last_name_field_is_empty" time="36.450"/>
  <testcase classname="com.test.app.Search" name="AQ_TC005_Verify_error_message_when_Email_field_is_empty" time="36.447"/>
  <testcase classname="com.test.app.Search" name="AQ_TC006_Verify_error_message_when_Subject_field_is_empty" time="36.625"/>
  <testcase classname="com.test.app.Search" name="AQ_TC007_Verify_error_message_when_Question_field_is_empty" time="36.550"/>
  <testcase classname="com.test.app.Search" name="AQ_TC008_Verify_error_message_when_Account_dropdown_is_empty" time="37.042"/>
  <testcase classname="com.test.app.Search" name="AQ_TC09_Verify_error_message_when_Firstname_is_specialCharacter" time="42.835"/>
  <testcase classname="com.test.app.Search" name="AQ_TC010_Verify_error_message_when_Lastname_is_specialCharacter" time="42.848"/>
  <testcase classname="com.test.app.Search" name="AQ_TC011_Verify_error_message_when_EmailID_is_invalid" time="42.771"/>
  <testcase classname="com.test.app.Search" name="AQ_TC012_Verify_error_message_when_empty_file_is_attached_for_case_creation" time="45.029"/>
</testsuite> <!-- com.test.app.Search -->
